Using pre-set license
Built from '2020.3/staging' branch; Version is '2020.3.3f1 (76626098c1c4) revision 7758432'; Using compiler version '192528614'; Build Type 'Release'
OS: 'Windows 10 Pro; OS build 19042.1237; Version 2009; 64bit' Language: 'ru' Physical Memory: 8039 MB
BatchMode: 1, IsHumanControllingUs: 0, StartBugReporterOnCrash: 0, Is64bit: 1, IsPro: 0

 COMMAND LINE ARGUMENTS:
C:\timurshagaliev\unitygame\2020.3.3f1\Editor\Unity.exe
-adb2
-batchMode
-noUpm
-name
AssetImportWorker0
-projectPath
D:/unityyyyy/first3d
-logFile
Logs/AssetImportWorker0.log
-srvPort
63344
Successfully changed project path to: D:/unityyyyy/first3d
D:/unityyyyy/first3d
Using Asset Import Pipeline V2.
Refreshing native plugins compatible for Editor in 46.09 ms, found 0 plugins.
Preloading 0 native plugins for Editor in 0.00 ms.
Initialize engine version: 2020.3.3f1 (76626098c1c4)
[Subsystems] Discovering subsystems at path C:/timurshagaliev/unitygame/2020.3.3f1/Editor/Data/Resources/UnitySubsystems
[Subsystems] Discovering subsystems at path D:/unityyyyy/first3d/Assets
GfxDevice: creating device client; threaded=0
Direct3D:
    Version:  Direct3D 11.0 [level 11.1]
    Renderer: NVIDIA GeForce MX250 (ID=0x1d13)
    Vendor:   
    VRAM:     1983 MB
    Driver:   25.21.14.1971
Shader 'Universal Render Pipeline/Particles/Lit': fallback shader 'Universal Render Pipeline/Particles/SimpleLit' not found
Initialize mono
Mono path[0] = 'C:/timurshagaliev/unitygame/2020.3.3f1/Editor/Data/Managed'
Mono path[1] = 'C:/timurshagaliev/unitygame/2020.3.3f1/Editor/Data/MonoBleedingEdge/lib/mono/unityjit'
Mono config path = 'C:/timurshagaliev/unitygame/2020.3.3f1/Editor/Data/MonoBleedingEdge/etc'
Using monoOptions --debugger-agent=transport=dt_socket,embedding=1,server=y,suspend=n,address=127.0.0.1:56080
Begin MonoManager ReloadAssembly
Registering precompiled unity dll's ...
Register platform support module: C:/timurshagaliev/unitygame/2020.3.3f1/Editor/Data/PlaybackEngines/WindowsStandaloneSupport/UnityEditor.WindowsStandalone.Extensions.dll
Registered in 0.002154 seconds.
Native extension for WindowsStandalone target not found
Refreshing native plugins compatible for Editor in 45.07 ms, found 0 plugins.
Preloading 0 native plugins for Editor in 0.00 ms.
Invoked RoslynAnalysisRunner static constructor.
RoslynAnalysisRunner will not be running.
RoslynAnalysisRunner has terminated.
Mono: successfully reloaded assembly
- Completed reload, in  1.808 seconds
Platform modules already initialized, skipping
Registering precompiled user dll's ...
Registered in 0.000916 seconds.
Begin MonoManager ReloadAssembly
Native extension for WindowsStandalone target not found
Refreshing native plugins compatible for Editor in 45.89 ms, found 0 plugins.
Preloading 0 native plugins for Editor in 0.00 ms.
Invoked RoslynAnalysisRunner static constructor.
RoslynAnalysisRunner will not be running.
RoslynAnalysisRunner has terminated.
Mono: successfully reloaded assembly
- Completed reload, in  0.977 seconds
Platform modules already initialized, skipping
========================================================================
Worker process is ready to serve import requests
Shader 'Universal Render Pipeline/Particles/Lit': fallback shader 'Universal Render Pipeline/Particles/SimpleLit' not found
Launched and connected shader compiler UnityShaderCompiler.exe after 0.04 seconds
Refreshing native plugins compatible for Editor in 0.47 ms, found 0 plugins.
Preloading 0 native plugins for Editor in 0.00 ms.
Unloading 2391 Unused Serialized files (Serialized files now loaded: 0)
System memory in use before: 114.1 MB.
System memory in use after: 114.3 MB.

Unloading 9 unused Assets to reduce memory usage. Loaded Objects now: 2833.
Total: 3.623900 ms (FindLiveObjects: 0.516100 ms CreateObjectMapping: 0.252800 ms MarkObjects: 2.775400 ms  DeleteObjects: 0.077500 ms)

========================================================================
Received Import Request.
  path: Assets/Scenes/22.unity
  artifactKey: Guid(9dbc7df24ebee9e42ad65e5a2efe7b5f) Importer(815301076,1909f56bfc062723c751e8b465ee728b)
Start importing Assets/Scenes/22.unity using Guid(9dbc7df24ebee9e42ad65e5a2efe7b5f) Importer(815301076,1909f56bfc062723c751e8b465ee728b)  -> (artifact id: '3d761cebdb14eea0090d6ab0008067b1') in 0.019853 seconds
  Import took 0.025223 seconds .

========================================================================
Received Import Request.
  Time since last request: 0.000344 seconds.
  path: Assets/Scenes/27.unity
  artifactKey: Guid(74a57160f500f8d4b897f9b81c79875b) Importer(815301076,1909f56bfc062723c751e8b465ee728b)
Start importing Assets/Scenes/27.unity using Guid(74a57160f500f8d4b897f9b81c79875b) Importer(815301076,1909f56bfc062723c751e8b465ee728b)  -> (artifact id: '4a9090c86e2489b28feb16b724d000d1') in 0.005712 seconds
  Import took 0.010734 seconds .

========================================================================
Received Import Request.
  Time since last request: 0.000345 seconds.
  path: Assets/Scenes/21.unity
  artifactKey: Guid(fb60057b1e225ec4db3afa4fea5b7920) Importer(815301076,1909f56bfc062723c751e8b465ee728b)
Start importing Assets/Scenes/21.unity using Guid(fb60057b1e225ec4db3afa4fea5b7920) Importer(815301076,1909f56bfc062723c751e8b465ee728b)  -> (artifact id: 'dd657ad6db9c1961fd3baefc96a4ea07') in 0.008108 seconds
  Import took 0.013101 seconds .

========================================================================
Received Import Request.
  Time since last request: 2.699045 seconds.
  path: Assets/Scenes/36.unity
  artifactKey: Guid(bd25cddec82103f49bc373e91deda7cd) Importer(815301076,1909f56bfc062723c751e8b465ee728b)
Start importing Assets/Scenes/36.unity using Guid(bd25cddec82103f49bc373e91deda7cd) Importer(815301076,1909f56bfc062723c751e8b465ee728b)  -> (artifact id: '0582b54996fd1b31e1c5ca8de8600519') in 0.008240 seconds
  Import took 0.014898 seconds .

========================================================================
Received Import Request.
  Time since last request: 1.274525 seconds.
  path: Assets/Scenes/37.unity
  artifactKey: Guid(dc2d81ffb44d6d9458defc49c3a26b4b) Importer(815301076,1909f56bfc062723c751e8b465ee728b)
Start importing Assets/Scenes/37.unity using Guid(dc2d81ffb44d6d9458defc49c3a26b4b) Importer(815301076,1909f56bfc062723c751e8b465ee728b)  -> (artifact id: '2717a549af3b413663af425e420e20ed') in 0.008385 seconds
  Import took 0.018562 seconds .

========================================================================
Received Import Request.
  Time since last request: 74.156919 seconds.
  path: Assets/Scenes/32.unity
  artifactKey: Guid(5d6482016996b894fbb60a9f71705b56) Importer(815301076,1909f56bfc062723c751e8b465ee728b)
Start importing Assets/Scenes/32.unity using Guid(5d6482016996b894fbb60a9f71705b56) Importer(815301076,1909f56bfc062723c751e8b465ee728b)  -> (artifact id: 'ccc342f289c936eda7ec4495490b0da4') in 0.007443 seconds
  Import took 0.013914 seconds .

========================================================================
Received Import Request.
  Time since last request: 46.902573 seconds.
  path: Assets/Scenes/31.unity
  artifactKey: Guid(fcfb54123e5d7d34db71b3503d00f5d4) Importer(815301076,1909f56bfc062723c751e8b465ee728b)
Start importing Assets/Scenes/31.unity using Guid(fcfb54123e5d7d34db71b3503d00f5d4) Importer(815301076,1909f56bfc062723c751e8b465ee728b)  -> (artifact id: '958db218dd06450e6c5379ce7adf33a2') in 0.007515 seconds
  Import took 0.015849 seconds .

========================================================================
Received Import Request.
  Time since last request: 16.247288 seconds.
  path: Assets/Scenes/26.unity
  artifactKey: Guid(2ec195cf7b709924e9e1c76e0f91bea2) Importer(815301076,1909f56bfc062723c751e8b465ee728b)
Start importing Assets/Scenes/26.unity using Guid(2ec195cf7b709924e9e1c76e0f91bea2) Importer(815301076,1909f56bfc062723c751e8b465ee728b)  -> (artifact id: '8f5bdcaba39e26316054da2767373f86') in 0.006938 seconds
  Import took 0.013247 seconds .

AssetImportWorkerClient::OnTransportError - code=2 error=End of file
