Using pre-set license
Built from '2020.3/staging' branch; Version is '2020.3.3f1 (76626098c1c4) revision 7758432'; Using compiler version '192528614'; Build Type 'Release'
OS: 'Windows 10 Pro; OS build 19042.985; Version 2009; 64bit' Language: 'ru' Physical Memory: 8039 MB
BatchMode: 1, IsHumanControllingUs: 0, StartBugReporterOnCrash: 0, Is64bit: 1, IsPro: 0

 COMMAND LINE ARGUMENTS:
C:\timurshagaliev\unitygame\2020.3.3f1\Editor\Unity.exe
-adb2
-batchMode
-noUpm
-name
AssetImportWorker0
-projectPath
D:/unityyyyy/first3d
-logFile
Logs/AssetImportWorker0.log
-srvPort
50644
Successfully changed project path to: D:/unityyyyy/first3d
D:/unityyyyy/first3d
Using Asset Import Pipeline V2.
Refreshing native plugins compatible for Editor in 43.85 ms, found 0 plugins.
Preloading 0 native plugins for Editor in 0.00 ms.
Initialize engine version: 2020.3.3f1 (76626098c1c4)
[Subsystems] Discovering subsystems at path C:/timurshagaliev/unitygame/2020.3.3f1/Editor/Data/Resources/UnitySubsystems
[Subsystems] Discovering subsystems at path D:/unityyyyy/first3d/Assets
GfxDevice: creating device client; threaded=0
Direct3D:
    Version:  Direct3D 11.0 [level 11.1]
    Renderer: NVIDIA GeForce MX250 (ID=0x1d13)
    Vendor:   
    VRAM:     1983 MB
    Driver:   25.21.14.1971
Shader 'Universal Render Pipeline/Particles/Lit': fallback shader 'Universal Render Pipeline/Particles/SimpleLit' not found
Initialize mono
Mono path[0] = 'C:/timurshagaliev/unitygame/2020.3.3f1/Editor/Data/Managed'
Mono path[1] = 'C:/timurshagaliev/unitygame/2020.3.3f1/Editor/Data/MonoBleedingEdge/lib/mono/unityjit'
Mono config path = 'C:/timurshagaliev/unitygame/2020.3.3f1/Editor/Data/MonoBleedingEdge/etc'
Using monoOptions --debugger-agent=transport=dt_socket,embedding=1,server=y,suspend=n,address=127.0.0.1:56228
Begin MonoManager ReloadAssembly
Registering precompiled unity dll's ...
Register platform support module: C:/timurshagaliev/unitygame/2020.3.3f1/Editor/Data/PlaybackEngines/WindowsStandaloneSupport/UnityEditor.WindowsStandalone.Extensions.dll
Registered in 0.001872 seconds.
Native extension for WindowsStandalone target not found
Refreshing native plugins compatible for Editor in 46.48 ms, found 0 plugins.
Preloading 0 native plugins for Editor in 0.00 ms.
Invoked RoslynAnalysisRunner static constructor.
RoslynAnalysisRunner will not be running.
RoslynAnalysisRunner has terminated.
Mono: successfully reloaded assembly
- Completed reload, in  1.823 seconds
Platform modules already initialized, skipping
Registering precompiled user dll's ...
Registered in 0.001003 seconds.
Begin MonoManager ReloadAssembly
Native extension for WindowsStandalone target not found
Refreshing native plugins compatible for Editor in 45.22 ms, found 0 plugins.
Preloading 0 native plugins for Editor in 0.00 ms.
Invoked RoslynAnalysisRunner static constructor.
RoslynAnalysisRunner will not be running.
RoslynAnalysisRunner has terminated.
Mono: successfully reloaded assembly
- Completed reload, in  0.965 seconds
Platform modules already initialized, skipping
========================================================================
Worker process is ready to serve import requests
Shader 'Universal Render Pipeline/Particles/Lit': fallback shader 'Universal Render Pipeline/Particles/SimpleLit' not found
Launched and connected shader compiler UnityShaderCompiler.exe after 0.04 seconds
Refreshing native plugins compatible for Editor in 0.41 ms, found 0 plugins.
Preloading 0 native plugins for Editor in 0.00 ms.
Unloading 2391 Unused Serialized files (Serialized files now loaded: 0)
System memory in use before: 114.1 MB.
System memory in use after: 114.3 MB.

Unloading 9 unused Assets to reduce memory usage. Loaded Objects now: 2833.
Total: 3.823300 ms (FindLiveObjects: 0.915100 ms CreateObjectMapping: 0.594600 ms MarkObjects: 2.190500 ms  DeleteObjects: 0.107500 ms)

========================================================================
Received Import Request.
  path: Assets/Materials/icon.png
  artifactKey: Guid(8f8382a150a287249abfd9510c56ceb1) Importer(815301076,1909f56bfc062723c751e8b465ee728b)
Start importing Assets/Materials/icon.png using Guid(8f8382a150a287249abfd9510c56ceb1) Importer(815301076,1909f56bfc062723c751e8b465ee728b)  -> (artifact id: '6c0ed9b3e0d07e7c1c4d8a127d750bfd') in 0.112053 seconds
  Import took 0.119005 seconds .

========================================================================
Received Prepare
Shader 'Universal Render Pipeline/Particles/Lit': fallback shader 'Universal Render Pipeline/Particles/SimpleLit' not found
Refreshing native plugins compatible for Editor in 0.91 ms, found 0 plugins.
Preloading 0 native plugins for Editor in 0.00 ms.
Unloading 3 Unused Serialized files (Serialized files now loaded: 0)
System memory in use before: 61.9 MB.
System memory in use after: 62.1 MB.

Unloading 3 unused Assets to reduce memory usage. Loaded Objects now: 2835.
Total: 3.687500 ms (FindLiveObjects: 0.359600 ms CreateObjectMapping: 0.148500 ms MarkObjects: 3.145900 ms  DeleteObjects: 0.031700 ms)

========================================================================
Received Prepare
Shader 'Universal Render Pipeline/Particles/Lit': fallback shader 'Universal Render Pipeline/Particles/SimpleLit' not found
Refreshing native plugins compatible for Editor in 0.86 ms, found 0 plugins.
Preloading 0 native plugins for Editor in 0.00 ms.
Unloading 3 Unused Serialized files (Serialized files now loaded: 0)
System memory in use before: 61.9 MB.
System memory in use after: 62.1 MB.

Unloading 3 unused Assets to reduce memory usage. Loaded Objects now: 2835.
Total: 3.421500 ms (FindLiveObjects: 0.507700 ms CreateObjectMapping: 0.175500 ms MarkObjects: 2.719400 ms  DeleteObjects: 0.016400 ms)

========================================================================
Received Prepare
Shader 'Universal Render Pipeline/Particles/Lit': fallback shader 'Universal Render Pipeline/Particles/SimpleLit' not found
Refreshing native plugins compatible for Editor in 0.92 ms, found 0 plugins.
Preloading 0 native plugins for Editor in 0.00 ms.
Unloading 3 Unused Serialized files (Serialized files now loaded: 0)
System memory in use before: 61.9 MB.
System memory in use after: 62.1 MB.

Unloading 3 unused Assets to reduce memory usage. Loaded Objects now: 2835.
Total: 3.690900 ms (FindLiveObjects: 0.491200 ms CreateObjectMapping: 0.172900 ms MarkObjects: 2.990200 ms  DeleteObjects: 0.032600 ms)

